Using pre-set license
Built from '2020.3/china_unity/release' branch; Version is '2020.3.30f1c1 (b9cd9c36b8f8) revision 12176796'; Using compiler version '192528614'; Build Type 'Release'
OS: 'Windows 10  (10.0.19044) 64bit Professional' Language: 'zh' Physical Memory: 16316 MB
BatchMode: 1, IsHumanControllingUs: 0, StartBugReporterOnCrash: 0, Is64bit: 1, IsPro: 0

COMMAND LINE ARGUMENTS:
D:\Program Files\Unity\2020.3.30f1c1\Editor\Unity.exe
-adb2
-batchMode
-noUpm
-name
AssetImportWorker0
-projectPath
E:/Unity/Project/giles-falsGame
-logFile
Logs/AssetImportWorker0.log
-srvPort
56526
Successfully changed project path to: E:/Unity/Project/giles-falsGame
E:/Unity/Project/giles-falsGame
Using Asset Import Pipeline V2.
AS: AutoStreaming module initializing.Refreshing native plugins compatible for Editor in 28.35 ms, found 2 plugins.
Preloading 0 native plugins for Editor in 0.00 ms.
Initialize engine version: 2020.3.30f1c1 (b9cd9c36b8f8)
[Subsystems] Discovering subsystems at path D:/Program Files/Unity/2020.3.30f1c1/Editor/Data/Resources/UnitySubsystems
[Subsystems] Discovering subsystems at path E:/Unity/Project/giles-falsGame/Assets
GfxDevice: creating device client; threaded=0
Direct3D:
    Version:  Direct3D 11.0 [level 11.1]
    Renderer: NVIDIA GeForce GTX 1070 (ID=0x1b81)
    Vendor:   
    VRAM:     8088 MB
    Driver:   27.21.14.5671
Initialize mono
Mono path[0] = 'D:/Program Files/Unity/2020.3.30f1c1/Editor/Data/Managed'
Mono path[1] = 'D:/Program Files/Unity/2020.3.30f1c1/Editor/Data/MonoBleedingEdge/lib/mono/unityjit'
Mono config path = 'D:/Program Files/Unity/2020.3.30f1c1/Editor/Data/MonoBleedingEdge/etc'
Using monoOptions --debugger-agent=transport=dt_socket,embedding=1,server=y,suspend=n,address=127.0.0.1:56596
Begin MonoManager ReloadAssembly
Registering precompiled unity dll's ...
Register platform support module: D:/Program Files/Unity/2020.3.30f1c1/Editor/Data/PlaybackEngines/WindowsStandaloneSupport/UnityEditor.WindowsStandalone.Extensions.dll
Registered in 0.000784 seconds.
Native extension for WindowsStandalone target not found
Refreshing native plugins compatible for Editor in 29.48 ms, found 2 plugins.
Preloading 0 native plugins for Editor in 0.00 ms.
Mono: successfully reloaded assembly
- Completed reload, in  0.461 seconds
Domain Reload Profiling:
	ReloadAssembly (461ms)
		BeginReloadAssembly (45ms)
			ExecutionOrderSort (0ms)
			DisableScriptedObjects (0ms)
			BackupInstance (0ms)
			ReleaseScriptingObjects (0ms)
			CreateAndSetChildDomain (1ms)
		EndReloadAssembly (362ms)
			LoadAssemblies (44ms)
			RebuildTransferFunctionScriptingTraits (0ms)
			SetupTypeCache (127ms)
			ReleaseScriptCaches (0ms)
			RebuildScriptCaches (23ms)
			SetupLoadedEditorAssemblies (132ms)
				LogAssemblyErrors (0ms)
				InitializePlatformSupportModulesInManaged (3ms)
				SetLoadedEditorAssemblies (0ms)
				RefreshPlugins (30ms)
				BeforeProcessingInitializeOnLoad (13ms)
				ProcessInitializeOnLoadAttributes (64ms)
				ProcessInitializeOnLoadMethodAttributes (22ms)
				AfterProcessingInitializeOnLoad (0ms)
				EditorAssembliesLoaded (0ms)
			ExecutionOrderSort2 (0ms)
			AwakeInstancesAfterBackupRestoration (0ms)
Platform modules already initialized, skipping
Registering precompiled user dll's ...
Registered in 0.001611 seconds.
Begin MonoManager ReloadAssembly
Native extension for WindowsStandalone target not found
Refreshing native plugins compatible for Editor in 0.33 ms, found 2 plugins.
Preloading 0 native plugins for Editor in 0.00 ms.
Mono: successfully reloaded assembly
- Completed reload, in  0.832 seconds
Domain Reload Profiling:
	ReloadAssembly (833ms)
		BeginReloadAssembly (142ms)
			ExecutionOrderSort (0ms)
			DisableScriptedObjects (4ms)
			BackupInstance (0ms)
			ReleaseScriptingObjects (0ms)
			CreateAndSetChildDomain (19ms)
		EndReloadAssembly (645ms)
			LoadAssemblies (75ms)
			RebuildTransferFunctionScriptingTraits (0ms)
			SetupTypeCache (240ms)
			ReleaseScriptCaches (0ms)
			RebuildScriptCaches (36ms)
			SetupLoadedEditorAssemblies (230ms)
				LogAssemblyErrors (0ms)
				InitializePlatformSupportModulesInManaged (3ms)
				SetLoadedEditorAssemblies (0ms)
				RefreshPlugins (0ms)
				BeforeProcessingInitializeOnLoad (60ms)
				ProcessInitializeOnLoadAttributes (156ms)
				ProcessInitializeOnLoadMethodAttributes (7ms)
				AfterProcessingInitializeOnLoad (2ms)
				EditorAssembliesLoaded (0ms)
			ExecutionOrderSort2 (0ms)
			AwakeInstancesAfterBackupRestoration (5ms)
Platform modules already initialized, skipping
========================================================================
Worker process is ready to serve import requests
Launched and connected shader compiler UnityShaderCompiler.exe after 0.14 seconds
Refreshing native plugins compatible for Editor in 0.47 ms, found 2 plugins.
Preloading 0 native plugins for Editor in 0.00 ms.
Unloading 1668 Unused Serialized files (Serialized files now loaded: 0)
System memory in use before: 75.2 MB.
System memory in use after: 75.3 MB.

Unloading 17 unused Assets to reduce memory usage. Loaded Objects now: 2106.
Total: 2.386400 ms (FindLiveObjects: 0.131800 ms CreateObjectMapping: 0.043700 ms MarkObjects: 2.150600 ms  DeleteObjects: 0.059500 ms)

AssetImportParameters requested are different than current active one (requested -> active):
  custom:framework-win-MediaFoundation: 216162199b28c13a410421893ffa2e32 -> 
  custom:video-decoder-ogg-theora: a1e56fd34408186e4bbccfd4996cb3dc -> 
  custom:container-muxer-webm: aa71ff27fc2769a1b78a27578f13a17b -> 
  custom:container-demuxer-webm: 4f35f7cbe854078d1ac9338744f61a02 -> 
  custom:container-demuxer-ogg: 62fdf1f143b41e24485cea50d1cbac27 -> 
  custom:video-encoder-webm-vp8: eb34c28f22e8b96e1ab97ce403110664 -> 
  custom:video-decoder-webm-vp8: 9c59270c3fd7afecdb556c50c9e8de78 -> 
  custom:audio-decoder-ogg-vorbis: bf7c407c2cedff20999df2af8eb42d56 -> 
  custom:audio-encoder-webm-vorbis: bf7c407c2cedff20999df2af8eb42d56 -> 
========================================================================
Received Import Request.
  path: Assets/Resources/Level Editor Prefabs/Column.prefab
  artifactKey: Guid(b95dc015db7edac47807c1d12f6bd85b) Importer(815301076,1909f56bfc062723c751e8b465ee728b)
Start importing Assets/Resources/Level Editor Prefabs/Column.prefab using Guid(b95dc015db7edac47807c1d12f6bd85b) Importer(815301076,1909f56bfc062723c751e8b465ee728b)  -> (artifact id: '485f393638159b13b3bd5dd30d3227d1') in 0.156724 seconds 
========================================================================
Received Import Request.
  Time since last request: 0.000272 seconds.
  path: Assets/Resources/Level Editor Prefabs/Camera.prefab
  artifactKey: Guid(abf9a3c3e0f6df64ea24a34b1adc2200) Importer(815301076,1909f56bfc062723c751e8b465ee728b)
Start importing Assets/Resources/Level Editor Prefabs/Camera.prefab using Guid(abf9a3c3e0f6df64ea24a34b1adc2200) Importer(815301076,1909f56bfc062723c751e8b465ee728b)  -> (artifact id: '9801a3aa1f09fdd5b27a65d897e5a959') in 0.006485 seconds 
========================================================================
Received Import Request.
  Time since last request: 0.000255 seconds.
  path: Assets/Resources/Level Editor Prefabs/Flat.asset
  artifactKey: Guid(bd3ebeff61d0cb5419e1f3de92e2acb5) Importer(815301076,1909f56bfc062723c751e8b465ee728b)
Start importing Assets/Resources/Level Editor Prefabs/Flat.asset using Guid(bd3ebeff61d0cb5419e1f3de92e2acb5) Importer(815301076,1909f56bfc062723c751e8b465ee728b)  -> (artifact id: '1b8d9d6043e3df4d04e60bc7329fc48e') in 0.206617 seconds 
========================================================================
Received Import Request.
  Time since last request: 0.000225 seconds.
  path: Assets/Resources/Level Editor Prefabs/objects/Sphere.prefab
  artifactKey: Guid(b17b56b6f622c084ea5b8949c48d0bcd) Importer(815301076,1909f56bfc062723c751e8b465ee728b)
Start importing Assets/Resources/Level Editor Prefabs/objects/Sphere.prefab using Guid(b17b56b6f622c084ea5b8949c48d0bcd) Importer(815301076,1909f56bfc062723c751e8b465ee728b)  -> (artifact id: 'f475e3da6e20cbf6f10ba39e444cdefd') in 0.009252 seconds 
========================================================================
Received Import Request.
  Time since last request: 0.000290 seconds.
  path: Assets/Resources/Level Editor Prefabs/L Shape.prefab
  artifactKey: Guid(480fde1eea8427c4e8ecc9b35f05b0e3) Importer(815301076,1909f56bfc062723c751e8b465ee728b)
Start importing Assets/Resources/Level Editor Prefabs/L Shape.prefab using Guid(480fde1eea8427c4e8ecc9b35f05b0e3) Importer(815301076,1909f56bfc062723c751e8b465ee728b)  -> (artifact id: 'a742bacff4cf4fa3c0b734c589eaada3') in 0.009654 seconds 
========================================================================
Received Import Request.
  Time since last request: 0.000173 seconds.
  path: Assets/Resources/Level Editor Prefabs/L Shape.asset
  artifactKey: Guid(d1a44676a62d89b41971fadbe0fb5c46) Importer(815301076,1909f56bfc062723c751e8b465ee728b)
Start importing Assets/Resources/Level Editor Prefabs/L Shape.asset using Guid(d1a44676a62d89b41971fadbe0fb5c46) Importer(815301076,1909f56bfc062723c751e8b465ee728b)  -> (artifact id: '68a2af6fc2862c62c9586a95f4c21edc') in 0.009900 seconds 
========================================================================
Received Import Request.
  Time since last request: 0.000191 seconds.
  path: Assets/Resources/Level Editor Prefabs/Cube.prefab
  artifactKey: Guid(228bd4214acdbe748a32a8a99dd04b22) Importer(815301076,1909f56bfc062723c751e8b465ee728b)
Start importing Assets/Resources/Level Editor Prefabs/Cube.prefab using Guid(228bd4214acdbe748a32a8a99dd04b22) Importer(815301076,1909f56bfc062723c751e8b465ee728b)  -> (artifact id: 'edaebce6a2f67bcfb88112a498fa804d') in 0.008948 seconds 
========================================================================
Received Import Request.
  Time since last request: 0.000241 seconds.
  path: Assets/Resources/Level Editor Prefabs/Hole.prefab
  artifactKey: Guid(cf06a5e1b70e427468f1ad6713ec12b2) Importer(815301076,1909f56bfc062723c751e8b465ee728b)
Start importing Assets/Resources/Level Editor Prefabs/Hole.prefab using Guid(cf06a5e1b70e427468f1ad6713ec12b2) Importer(815301076,1909f56bfc062723c751e8b465ee728b)  -> (artifact id: 'abf615204edffbf5a0f17a664563f337') in 0.010092 seconds 
========================================================================
Received Import Request.
  Time since last request: 0.000204 seconds.
  path: Assets/Resources/Level Editor Prefabs/Column.asset
  artifactKey: Guid(355390634162f404eb61c53a2edf1e76) Importer(815301076,1909f56bfc062723c751e8b465ee728b)
Start importing Assets/Resources/Level Editor Prefabs/Column.asset using Guid(355390634162f404eb61c53a2edf1e76) Importer(815301076,1909f56bfc062723c751e8b465ee728b)  -> (artifact id: 'b9821f8145c2a1e146c404ead3b6ca5d') in 0.007770 seconds 
========================================================================
Received Import Request.
  Time since last request: 0.000249 seconds.
  path: Assets/Resources/Level Editor Prefabs/Flat.prefab
  artifactKey: Guid(128cd743f55843b468dc9ace091e7c9e) Importer(815301076,1909f56bfc062723c751e8b465ee728b)
Start importing Assets/Resources/Level Editor Prefabs/Flat.prefab using Guid(128cd743f55843b468dc9ace091e7c9e) Importer(815301076,1909f56bfc062723c751e8b465ee728b)  -> (artifact id: '08c3a2b013c482a0b837e967acee97f6') in 0.008393 seconds 
========================================================================
Received Import Request.
  Time since last request: 0.000205 seconds.
  path: Assets/Resources/Level Editor Prefabs/Cube.asset
  artifactKey: Guid(b0d01f9a27a38d142b11becee45e9046) Importer(815301076,1909f56bfc062723c751e8b465ee728b)
Start importing Assets/Resources/Level Editor Prefabs/Cube.asset using Guid(b0d01f9a27a38d142b11becee45e9046) Importer(815301076,1909f56bfc062723c751e8b465ee728b)  -> (artifact id: '43c87cc384ef135e75729ae2953e230a') in 0.007955 seconds 
========================================================================
Received Import Request.
  Time since last request: 0.000194 seconds.
  path: Assets/Resources/Level Editor Prefabs/Hole.asset
  artifactKey: Guid(b49437c81fca2e040b61ed2e42d2fbeb) Importer(815301076,1909f56bfc062723c751e8b465ee728b)
Start importing Assets/Resources/Level Editor Prefabs/Hole.asset using Guid(b49437c81fca2e040b61ed2e42d2fbeb) Importer(815301076,1909f56bfc062723c751e8b465ee728b)  -> (artifact id: '8770805b52a31e7174ff43a6901defad') in 0.008367 seconds 
========================================================================
Received Import Request.
  Time since last request: 4.120793 seconds.
  path: Assets/Resources/Level Editor Prefabs/Camera.prefab
  artifactKey: Guid(abf9a3c3e0f6df64ea24a34b1adc2200) Importer(815301076,1909f56bfc062723c751e8b465ee728b)
Start importing Assets/Resources/Level Editor Prefabs/Camera.prefab using Guid(abf9a3c3e0f6df64ea24a34b1adc2200) Importer(815301076,1909f56bfc062723c751e8b465ee728b)  -> (artifact id: 'b632d918f5d2ba652d0dd26e17e39a1e') in 0.003318 seconds 
========================================================================
Received Import Request.
  Time since last request: 21.241626 seconds.
  path: Assets/Resources/Level Editor Prefabs/objects
  artifactKey: Guid(5ece50ad244788c4c9a94ce000eb311b) Importer(815301076,1909f56bfc062723c751e8b465ee728b)
Start importing Assets/Resources/Level Editor Prefabs/objects using Guid(5ece50ad244788c4c9a94ce000eb311b) Importer(815301076,1909f56bfc062723c751e8b465ee728b)  -> (artifact id: 'd99de13524a78c64b7fee1fe45d88fa1') in 0.005219 seconds 
========================================================================
Received Import Request.
  Time since last request: 16.831650 seconds.
  path: Assets/Resources/Level Editor Prefabs/objects/Sphere.prefab
  artifactKey: Guid(b17b56b6f622c084ea5b8949c48d0bcd) Importer(815301076,1909f56bfc062723c751e8b465ee728b)
Start importing Assets/Resources/Level Editor Prefabs/objects/Sphere.prefab using Guid(b17b56b6f622c084ea5b8949c48d0bcd) Importer(815301076,1909f56bfc062723c751e8b465ee728b)  -> (artifact id: '5154dbb7b361388ca233c90dbe6aaa1e') in 0.008446 seconds 
========================================================================
Received Prepare
Registering precompiled user dll's ...
Registered in 0.002202 seconds.
Begin MonoManager ReloadAssembly
Native extension for WindowsStandalone target not found
Refreshing native plugins compatible for Editor in 0.32 ms, found 2 plugins.
Preloading 0 native plugins for Editor in 0.00 ms.
Mono: successfully reloaded assembly
- Completed reload, in  0.903 seconds
Domain Reload Profiling:
	ReloadAssembly (904ms)
		BeginReloadAssembly (134ms)
			ExecutionOrderSort (0ms)
			DisableScriptedObjects (3ms)
			BackupInstance (0ms)
			ReleaseScriptingObjects (0ms)
			CreateAndSetChildDomain (39ms)
		EndReloadAssembly (695ms)
			LoadAssemblies (103ms)
			RebuildTransferFunctionScriptingTraits (0ms)
			SetupTypeCache (289ms)
			ReleaseScriptCaches (1ms)
			RebuildScriptCaches (31ms)
			SetupLoadedEditorAssemblies (218ms)
				LogAssemblyErrors (0ms)
				InitializePlatformSupportModulesInManaged (3ms)
				SetLoadedEditorAssemblies (0ms)
				RefreshPlugins (0ms)
				BeforeProcessingInitializeOnLoad (55ms)
				ProcessInitializeOnLoadAttributes (149ms)
				ProcessInitializeOnLoadMethodAttributes (7ms)
				AfterProcessingInitializeOnLoad (2ms)
				EditorAssembliesLoaded (0ms)
			ExecutionOrderSort2 (0ms)
			AwakeInstancesAfterBackupRestoration (5ms)
Platform modules already initialized, skipping
Refreshing native plugins compatible for Editor in 0.33 ms, found 2 plugins.
Preloading 0 native plugins for Editor in 0.00 ms.
Unloading 1650 Unused Serialized files (Serialized files now loaded: 0)
System memory in use before: 77.2 MB.
System memory in use after: 77.3 MB.

Unloading 14 unused Assets to reduce memory usage. Loaded Objects now: 2119.
Total: 2.337800 ms (FindLiveObjects: 0.136300 ms CreateObjectMapping: 0.045200 ms MarkObjects: 2.134100 ms  DeleteObjects: 0.021300 ms)

AssetImportParameters requested are different than current active one (requested -> active):
  custom:framework-win-MediaFoundation: 216162199b28c13a410421893ffa2e32 -> 
  custom:video-decoder-ogg-theora: a1e56fd34408186e4bbccfd4996cb3dc -> 
  custom:container-muxer-webm: aa71ff27fc2769a1b78a27578f13a17b -> 
  custom:container-demuxer-webm: 4f35f7cbe854078d1ac9338744f61a02 -> 
  custom:container-demuxer-ogg: 62fdf1f143b41e24485cea50d1cbac27 -> 
  custom:video-encoder-webm-vp8: eb34c28f22e8b96e1ab97ce403110664 -> 
  custom:video-decoder-webm-vp8: 9c59270c3fd7afecdb556c50c9e8de78 -> 
  custom:audio-decoder-ogg-vorbis: bf7c407c2cedff20999df2af8eb42d56 -> 
  custom:audio-encoder-webm-vorbis: bf7c407c2cedff20999df2af8eb42d56 -> 
========================================================================
Received Import Request.
  Time since last request: 49.633851 seconds.
  path: Assets/GILES/Prefab/Generic File Browser.prefab
  artifactKey: Guid(a433b5bb9c080004fadac3eab7942101) Importer(815301076,1909f56bfc062723c751e8b465ee728b)
Start importing Assets/GILES/Prefab/Generic File Browser.prefab using Guid(a433b5bb9c080004fadac3eab7942101) Importer(815301076,1909f56bfc062723c751e8b465ee728b)  -> (artifact id: 'acb343005e14ad5573546f1e4536b1ce') in 0.041068 seconds 
========================================================================
Received Import Request.
  Time since last request: 0.000264 seconds.
  path: Assets/GILES/Prefab/Modal Window.prefab
  artifactKey: Guid(ba96e2a1f306bd5409e02f1c3c154cd0) Importer(815301076,1909f56bfc062723c751e8b465ee728b)
Start importing Assets/GILES/Prefab/Modal Window.prefab using Guid(ba96e2a1f306bd5409e02f1c3c154cd0) Importer(815301076,1909f56bfc062723c751e8b465ee728b)  -> (artifact id: '22a3d2bfa0d1e09343ab9972e0afe888') in 0.011534 seconds 
========================================================================
Received Import Request.
  Time since last request: 0.000240 seconds.
  path: Assets/GILES/Prefab/Window.prefab
  artifactKey: Guid(ec3e663ce3169954b9c34b25659715ac) Importer(815301076,1909f56bfc062723c751e8b465ee728b)
Start importing Assets/GILES/Prefab/Window.prefab using Guid(ec3e663ce3169954b9c34b25659715ac) Importer(815301076,1909f56bfc062723c751e8b465ee728b)  -> (artifact id: '4ac51ecac042e72d26d1b19e6badffa0') in 0.007156 seconds 
========================================================================
Received Import Request.
  Time since last request: 0.000201 seconds.
  path: Assets/GILES/Prefab/Save Dialog Button.prefab
  artifactKey: Guid(12abf6c6f1e10f44aa32d8972aed2563) Importer(815301076,1909f56bfc062723c751e8b465ee728b)
Start importing Assets/GILES/Prefab/Save Dialog Button.prefab using Guid(12abf6c6f1e10f44aa32d8972aed2563) Importer(815301076,1909f56bfc062723c751e8b465ee728b)  -> (artifact id: 'da81a309bb75e123935d93bebc035994') in 0.009122 seconds 
========================================================================
Received Import Request.
  Time since last request: 0.000150 seconds.
  path: Assets/GILES/Prefab/Handle.prefab
  artifactKey: Guid(6eb7e66f31c4f594b9777f5cd1dbdc0d) Importer(815301076,1909f56bfc062723c751e8b465ee728b)
Start importing Assets/GILES/Prefab/Handle.prefab using Guid(6eb7e66f31c4f594b9777f5cd1dbdc0d) Importer(815301076,1909f56bfc062723c751e8b465ee728b)  -> (artifact id: '27bae5fa0d86a4cd96f8f18ff9bfda91') in 0.008018 seconds 
========================================================================
Received Import Request.
  Time since last request: 0.000161 seconds.
  path: Assets/GILES/Prefab/Load Dialog.prefab
  artifactKey: Guid(e25ec17ed7a70ad46816cc8d93eafbe1) Importer(815301076,1909f56bfc062723c751e8b465ee728b)
Start importing Assets/GILES/Prefab/Load Dialog.prefab using Guid(e25ec17ed7a70ad46816cc8d93eafbe1) Importer(815301076,1909f56bfc062723c751e8b465ee728b)  -> (artifact id: '949c299b450c73e51bb9613567aefc4d') in 0.014630 seconds 
========================================================================
Received Import Request.
  Time since last request: 0.000265 seconds.
  path: Assets/GILES/Prefab/Inspector.prefab
  artifactKey: Guid(48e80190691224640a21e8eb2f307690) Importer(815301076,1909f56bfc062723c751e8b465ee728b)
Start importing Assets/GILES/Prefab/Inspector.prefab using Guid(48e80190691224640a21e8eb2f307690) Importer(815301076,1909f56bfc062723c751e8b465ee728b)  -> (artifact id: '1c84987b88b8f233e045b1a201daa6ac') in 0.009054 seconds 
========================================================================
Received Import Request.
  Time since last request: 0.000255 seconds.
  path: Assets/GILES/Prefab/Prefab Browser.prefab
  artifactKey: Guid(ecddc44b8f1ec4c4abb9fe7c49588c05) Importer(815301076,1909f56bfc062723c751e8b465ee728b)
Start importing Assets/GILES/Prefab/Prefab Browser.prefab using Guid(ecddc44b8f1ec4c4abb9fe7c49588c05) Importer(815301076,1909f56bfc062723c751e8b465ee728b)  -> (artifact id: 'cc6a2e08a44d17039eba309bf88e9d15') in 0.008452 seconds 
========================================================================
Received Import Request.
  Time since last request: 0.000180 seconds.
  path: Assets/GILES/Prefab/Level Editor.prefab
  artifactKey: Guid(8f329902f35034245ac2813084621a77) Importer(815301076,1909f56bfc062723c751e8b465ee728b)
Start importing Assets/GILES/Prefab/Level Editor.prefab using Guid(8f329902f35034245ac2813084621a77) Importer(815301076,1909f56bfc062723c751e8b465ee728b)  -> (artifact id: '97ae2ec4d1873efc3821953aee693e62') in 0.036918 seconds 
========================================================================
Received Import Request.
  Time since last request: 0.000254 seconds.
  path: Assets/GILES/Prefab/Panel.prefab
  artifactKey: Guid(7c00ae85bda0f6144b4a2d0beef57bde) Importer(815301076,1909f56bfc062723c751e8b465ee728b)
Start importing Assets/GILES/Prefab/Panel.prefab using Guid(7c00ae85bda0f6144b4a2d0beef57bde) Importer(815301076,1909f56bfc062723c751e8b465ee728b)  -> (artifact id: '48c20afb0f1ae0480668b09c246dabb3') in 0.007188 seconds 
========================================================================
Received Import Request.
  Time since last request: 0.000192 seconds.
  path: Assets/GILES/Prefab/Panel Toggles.prefab
  artifactKey: Guid(b52679cc54b157f4191295c5fc21fb51) Importer(815301076,1909f56bfc062723c751e8b465ee728b)
Start importing Assets/GILES/Prefab/Panel Toggles.prefab using Guid(b52679cc54b157f4191295c5fc21fb51) Importer(815301076,1909f56bfc062723c751e8b465ee728b)  -> (artifact id: 'b017b89d8f277d4107183c00cef5022e') in 0.007558 seconds 
========================================================================
Received Import Request.
  Time since last request: 0.000151 seconds.
  path: Assets/GILES/Prefab/Save Dialog.prefab
  artifactKey: Guid(e1d3d0c3763f9c14695686adcafa17a5) Importer(815301076,1909f56bfc062723c751e8b465ee728b)
Start importing Assets/GILES/Prefab/Save Dialog.prefab using Guid(e1d3d0c3763f9c14695686adcafa17a5) Importer(815301076,1909f56bfc062723c751e8b465ee728b)  -> (artifact id: '2df1cdda78636c7cdc24cbc41ed61e0f') in 0.008806 seconds 
========================================================================
Received Import Request.
  Time since last request: 0.000167 seconds.
  path: Assets/GILES/Prefab/Level Editor Camera.prefab
  artifactKey: Guid(5bcc1c0ef8a4d524db81b6553c596791) Importer(815301076,1909f56bfc062723c751e8b465ee728b)
Start importing Assets/GILES/Prefab/Level Editor Camera.prefab using Guid(5bcc1c0ef8a4d524db81b6553c596791) Importer(815301076,1909f56bfc062723c751e8b465ee728b)  -> (artifact id: '9ed2b5611f2f915c2f7a431b278d3a10') in 0.006981 seconds 
========================================================================
Received Import Request.
  Time since last request: 0.000156 seconds.
  path: Assets/GILES/Prefab/Level Editor Base.prefab
  artifactKey: Guid(90cb4cc3d86829c4b8fc234910d15b4a) Importer(815301076,1909f56bfc062723c751e8b465ee728b)
Start importing Assets/GILES/Prefab/Level Editor Base.prefab using Guid(90cb4cc3d86829c4b8fc234910d15b4a) Importer(815301076,1909f56bfc062723c751e8b465ee728b)  -> (artifact id: '5242f15540fb5966b10560906e4c2f09') in 0.007214 seconds 
========================================================================
Received Import Request.
  Time since last request: 35.865398 seconds.
  path: Assets/GILES/Prefab/Level Editor.prefab
  artifactKey: Guid(8f329902f35034245ac2813084621a77) Importer(815301076,1909f56bfc062723c751e8b465ee728b)
Start importing Assets/GILES/Prefab/Level Editor.prefab using Guid(8f329902f35034245ac2813084621a77) Importer(815301076,1909f56bfc062723c751e8b465ee728b)  -> (artifact id: '40cebf6fc483ed616b186833f8306ca5') in 0.017558 seconds 
========================================================================
Received Prepare
Registering precompiled user dll's ...
Registered in 0.001724 seconds.
Begin MonoManager ReloadAssembly
Native extension for WindowsStandalone target not found
Refreshing native plugins compatible for Editor in 0.33 ms, found 2 plugins.
Preloading 0 native plugins for Editor in 0.00 ms.
Mono: successfully reloaded assembly
- Completed reload, in  0.745 seconds
Domain Reload Profiling:
	ReloadAssembly (745ms)
		BeginReloadAssembly (90ms)
			ExecutionOrderSort (0ms)
			DisableScriptedObjects (4ms)
			BackupInstance (0ms)
			ReleaseScriptingObjects (0ms)
			CreateAndSetChildDomain (28ms)
		EndReloadAssembly (608ms)
			LoadAssemblies (69ms)
			RebuildTransferFunctionScriptingTraits (0ms)
			SetupTypeCache (233ms)
			ReleaseScriptCaches (1ms)
			RebuildScriptCaches (29ms)
			SetupLoadedEditorAssemblies (207ms)
				LogAssemblyErrors (0ms)
				InitializePlatformSupportModulesInManaged (3ms)
				SetLoadedEditorAssemblies (0ms)
				RefreshPlugins (0ms)
				BeforeProcessingInitializeOnLoad (52ms)
				ProcessInitializeOnLoadAttributes (141ms)
				ProcessInitializeOnLoadMethodAttributes (7ms)
				AfterProcessingInitializeOnLoad (2ms)
				EditorAssembliesLoaded (0ms)
			ExecutionOrderSort2 (0ms)
			AwakeInstancesAfterBackupRestoration (5ms)
Platform modules already initialized, skipping
Refreshing native plugins compatible for Editor in 0.33 ms, found 2 plugins.
Preloading 0 native plugins for Editor in 0.00 ms.
Unloading 1650 Unused Serialized files (Serialized files now loaded: 0)
System memory in use before: 77.4 MB.
System memory in use after: 77.5 MB.

Unloading 16 unused Assets to reduce memory usage. Loaded Objects now: 2123.
Total: 2.480200 ms (FindLiveObjects: 0.269700 ms CreateObjectMapping: 0.062400 ms MarkObjects: 2.117300 ms  DeleteObjects: 0.029800 ms)

AssetImportParameters requested are different than current active one (requested -> active):
  custom:framework-win-MediaFoundation: 216162199b28c13a410421893ffa2e32 -> 
  custom:video-decoder-ogg-theora: a1e56fd34408186e4bbccfd4996cb3dc -> 
  custom:container-muxer-webm: aa71ff27fc2769a1b78a27578f13a17b -> 
  custom:container-demuxer-webm: 4f35f7cbe854078d1ac9338744f61a02 -> 
  custom:container-demuxer-ogg: 62fdf1f143b41e24485cea50d1cbac27 -> 
  custom:video-encoder-webm-vp8: eb34c28f22e8b96e1ab97ce403110664 -> 
  custom:video-decoder-webm-vp8: 9c59270c3fd7afecdb556c50c9e8de78 -> 
  custom:audio-decoder-ogg-vorbis: bf7c407c2cedff20999df2af8eb42d56 -> 
  custom:audio-encoder-webm-vorbis: bf7c407c2cedff20999df2af8eb42d56 -> 
========================================================================
Received Prepare
Registering precompiled user dll's ...
Registered in 0.001450 seconds.
Begin MonoManager ReloadAssembly
Native extension for WindowsStandalone target not found
Refreshing native plugins compatible for Editor in 0.36 ms, found 2 plugins.
Preloading 0 native plugins for Editor in 0.00 ms.
Mono: successfully reloaded assembly
- Completed reload, in  0.901 seconds
Domain Reload Profiling:
	ReloadAssembly (901ms)
		BeginReloadAssembly (87ms)
			ExecutionOrderSort (0ms)
			DisableScriptedObjects (3ms)
			BackupInstance (0ms)
			ReleaseScriptingObjects (0ms)
			CreateAndSetChildDomain (26ms)
		EndReloadAssembly (751ms)
			LoadAssemblies (92ms)
			RebuildTransferFunctionScriptingTraits (0ms)
			SetupTypeCache (302ms)
			ReleaseScriptCaches (1ms)
			RebuildScriptCaches (32ms)
			SetupLoadedEditorAssemblies (229ms)
				LogAssemblyErrors (0ms)
				InitializePlatformSupportModulesInManaged (5ms)
				SetLoadedEditorAssemblies (0ms)
				RefreshPlugins (0ms)
				BeforeProcessingInitializeOnLoad (57ms)
				ProcessInitializeOnLoadAttributes (157ms)
				ProcessInitializeOnLoadMethodAttributes (7ms)
				AfterProcessingInitializeOnLoad (2ms)
				EditorAssembliesLoaded (0ms)
			ExecutionOrderSort2 (0ms)
			AwakeInstancesAfterBackupRestoration (6ms)
Platform modules already initialized, skipping
Refreshing native plugins compatible for Editor in 0.35 ms, found 2 plugins.
Preloading 0 native plugins for Editor in 0.00 ms.
Unloading 1650 Unused Serialized files (Serialized files now loaded: 0)
System memory in use before: 77.4 MB.
System memory in use after: 77.5 MB.

Unloading 12 unused Assets to reduce memory usage. Loaded Objects now: 2125.
Total: 2.692300 ms (FindLiveObjects: 0.324400 ms CreateObjectMapping: 0.054000 ms MarkObjects: 2.294600 ms  DeleteObjects: 0.018300 ms)

AssetImportParameters requested are different than current active one (requested -> active):
  custom:framework-win-MediaFoundation: 216162199b28c13a410421893ffa2e32 -> 
  custom:video-decoder-ogg-theora: a1e56fd34408186e4bbccfd4996cb3dc -> 
  custom:container-muxer-webm: aa71ff27fc2769a1b78a27578f13a17b -> 
  custom:container-demuxer-webm: 4f35f7cbe854078d1ac9338744f61a02 -> 
  custom:container-demuxer-ogg: 62fdf1f143b41e24485cea50d1cbac27 -> 
  custom:video-encoder-webm-vp8: eb34c28f22e8b96e1ab97ce403110664 -> 
  custom:video-decoder-webm-vp8: 9c59270c3fd7afecdb556c50c9e8de78 -> 
  custom:audio-decoder-ogg-vorbis: bf7c407c2cedff20999df2af8eb42d56 -> 
  custom:audio-encoder-webm-vorbis: bf7c407c2cedff20999df2af8eb42d56 -> 
========================================================================
Received Import Request.
  Time since last request: 548.926973 seconds.
  path: Assets/GILES/ThirdPartyLicenses.txt
  artifactKey: Guid(10719ea1eca9e4cff93701aaa15d105a) Importer(815301076,1909f56bfc062723c751e8b465ee728b)
Start importing Assets/GILES/ThirdPartyLicenses.txt using Guid(10719ea1eca9e4cff93701aaa15d105a) Importer(815301076,1909f56bfc062723c751e8b465ee728b)  -> (artifact id: 'ff2ca296d52dccc2254004417caee618') in 0.019086 seconds 
========================================================================
Received Import Request.
  Time since last request: 84.782127 seconds.
  path: Assets/GILES/Shader/Highlight.shader
  artifactKey: Guid(59b1787bb0f542042be7bae4161e2506) Importer(815301076,1909f56bfc062723c751e8b465ee728b)
Start importing Assets/GILES/Shader/Highlight.shader using Guid(59b1787bb0f542042be7bae4161e2506) Importer(815301076,1909f56bfc062723c751e8b465ee728b)  -> (artifact id: '260082dc782842ec0e80aabfa18021ce') in 0.009194 seconds 
========================================================================
Received Import Request.
  Time since last request: 62.957244 seconds.
  path: Assets/GILES/Resources/Required/Gizmos/Texture/Icon_FlatWhite_Pistol.png
  artifactKey: Guid(185b0fe972c103842af748d284559c24) Importer(815301076,1909f56bfc062723c751e8b465ee728b)
Start importing Assets/GILES/Resources/Required/Gizmos/Texture/Icon_FlatWhite_Pistol.png using Guid(185b0fe972c103842af748d284559c24) Importer(815301076,1909f56bfc062723c751e8b465ee728b)  -> (artifact id: '6841bc3969afe78ffdad3fd77aedf4a0') in 0.038873 seconds 
========================================================================
Received Import Request.
  Time since last request: 0.484413 seconds.
  path: Assets/GILES/Resources/Required/Gizmos/Texture/Icon_FlatWhite_SunLight.png
  artifactKey: Guid(454672f3957b96d41a123a41ba18385c) Importer(815301076,1909f56bfc062723c751e8b465ee728b)
Start importing Assets/GILES/Resources/Required/Gizmos/Texture/Icon_FlatWhite_SunLight.png using Guid(454672f3957b96d41a123a41ba18385c) Importer(815301076,1909f56bfc062723c751e8b465ee728b)  -> (artifact id: '16b0c87fc5ded01b1438c22caa8ecb06') in 0.020901 seconds 
========================================================================
Received Import Request.
  Time since last request: 0.881316 seconds.
  path: Assets/GILES/Resources/Required/Gizmos/Texture/Icon_FlatWhite_AmmoBox.png
  artifactKey: Guid(d1a3a51e425a49549bb3490713757f5f) Importer(815301076,1909f56bfc062723c751e8b465ee728b)
Start importing Assets/GILES/Resources/Required/Gizmos/Texture/Icon_FlatWhite_AmmoBox.png using Guid(d1a3a51e425a49549bb3490713757f5f) Importer(815301076,1909f56bfc062723c751e8b465ee728b)  -> (artifact id: 'cd5e83b1167a552dffee82e9a94a1d2e') in 0.010167 seconds 
========================================================================
Received Import Request.
  Time since last request: 6.871326 seconds.
  path: Assets/GILES/Resources/Required/GUI/Icons
  artifactKey: Guid(b9c79d96308d0584b954384285340fb7) Importer(815301076,1909f56bfc062723c751e8b465ee728b)
Start importing Assets/GILES/Resources/Required/GUI/Icons using Guid(b9c79d96308d0584b954384285340fb7) Importer(815301076,1909f56bfc062723c751e8b465ee728b)  -> (artifact id: '12cb7fc5bd07f559c1b33cdf405ddae8') in 0.004997 seconds 
========================================================================
Received Import Request.
  Time since last request: 47.816665 seconds.
  path: Assets/GILES/Scenes/Main Menu.unity
  artifactKey: Guid(6864c384fd52d834c9000e8f52455d3c) Importer(815301076,1909f56bfc062723c751e8b465ee728b)
Start importing Assets/GILES/Scenes/Main Menu.unity using Guid(6864c384fd52d834c9000e8f52455d3c) Importer(815301076,1909f56bfc062723c751e8b465ee728b)  -> (artifact id: 'e0aac62fe38b5445a4900e2b13219eb4') in 0.005187 seconds 
========================================================================
Received Import Request.
  Time since last request: 21.209439 seconds.
  path: Assets/GILES/Scenes/Level Editor.unity
  artifactKey: Guid(b0171d1d9fa113e4aa973deb5506ce6b) Importer(815301076,1909f56bfc062723c751e8b465ee728b)
Start importing Assets/GILES/Scenes/Level Editor.unity using Guid(b0171d1d9fa113e4aa973deb5506ce6b) Importer(815301076,1909f56bfc062723c751e8b465ee728b)  -> (artifact id: '11d42abf28689133fc450e95b5af6601') in 0.005195 seconds 
========================================================================
Received Import Request.
  Time since last request: 2.804962 seconds.
  path: Assets/GILES/Scenes/Main Menu.unity
  artifactKey: Guid(6864c384fd52d834c9000e8f52455d3c) Importer(815301076,1909f56bfc062723c751e8b465ee728b)
Start importing Assets/GILES/Scenes/Main Menu.unity using Guid(6864c384fd52d834c9000e8f52455d3c) Importer(815301076,1909f56bfc062723c751e8b465ee728b)  -> (artifact id: 'af0fac3366e738f2f507e1008a2e2d50') in 0.002515 seconds 
========================================================================
Received Import Request.
  Time since last request: 3.275011 seconds.
  path: Assets/GILES/Scenes/Empty Scene.unity
  artifactKey: Guid(e0421fea30c15da478141928e734e31c) Importer(815301076,1909f56bfc062723c751e8b465ee728b)
Start importing Assets/GILES/Scenes/Empty Scene.unity using Guid(e0421fea30c15da478141928e734e31c) Importer(815301076,1909f56bfc062723c751e8b465ee728b)  -> (artifact id: '11ee531b459b60c2d66b155354401227') in 0.005607 seconds 
========================================================================
Received Import Request.
  Time since last request: 89.937193 seconds.
  path: Assets/GILES/Resources/Required/Image/White Background.png
  artifactKey: Guid(5e07caffbca1941ddbdaf92e6e46b668) Importer(815301076,1909f56bfc062723c751e8b465ee728b)
Start importing Assets/GILES/Resources/Required/Image/White Background.png using Guid(5e07caffbca1941ddbdaf92e6e46b668) Importer(815301076,1909f56bfc062723c751e8b465ee728b)  -> (artifact id: '6e43fefc08276bcdac58ae0bf00bbdac') in 0.010534 seconds 
========================================================================
Received Prepare
Registering precompiled user dll's ...
Registered in 0.001647 seconds.
Begin MonoManager ReloadAssembly
Native extension for WindowsStandalone target not found
Refreshing native plugins compatible for Editor in 0.34 ms, found 2 plugins.
Preloading 0 native plugins for Editor in 0.00 ms.
Mono: successfully reloaded assembly
- Completed reload, in  0.739 seconds
Domain Reload Profiling:
	ReloadAssembly (739ms)
		BeginReloadAssembly (86ms)
			ExecutionOrderSort (0ms)
			DisableScriptedObjects (3ms)
			BackupInstance (0ms)
			ReleaseScriptingObjects (0ms)
			CreateAndSetChildDomain (26ms)
		EndReloadAssembly (608ms)
			LoadAssemblies (68ms)
			RebuildTransferFunctionScriptingTraits (0ms)
			SetupTypeCache (227ms)
			ReleaseScriptCaches (1ms)
			RebuildScriptCaches (30ms)
			SetupLoadedEditorAssemblies (212ms)
				LogAssemblyErrors (0ms)
				InitializePlatformSupportModulesInManaged (3ms)
				SetLoadedEditorAssemblies (0ms)
				RefreshPlugins (0ms)
				BeforeProcessingInitializeOnLoad (57ms)
				ProcessInitializeOnLoadAttributes (143ms)
				ProcessInitializeOnLoadMethodAttributes (7ms)
				AfterProcessingInitializeOnLoad (2ms)
				EditorAssembliesLoaded (0ms)
			ExecutionOrderSort2 (0ms)
			AwakeInstancesAfterBackupRestoration (5ms)
Platform modules already initialized, skipping
Refreshing native plugins compatible for Editor in 0.33 ms, found 2 plugins.
Preloading 0 native plugins for Editor in 0.00 ms.
Unloading 1650 Unused Serialized files (Serialized files now loaded: 0)
System memory in use before: 77.5 MB.
System memory in use after: 77.6 MB.

Unloading 12 unused Assets to reduce memory usage. Loaded Objects now: 2133.
Total: 2.323300 ms (FindLiveObjects: 0.128500 ms CreateObjectMapping: 0.041900 ms MarkObjects: 2.135800 ms  DeleteObjects: 0.016300 ms)

AssetImportParameters requested are different than current active one (requested -> active):
  custom:framework-win-MediaFoundation: 216162199b28c13a410421893ffa2e32 -> 
  custom:video-decoder-ogg-theora: a1e56fd34408186e4bbccfd4996cb3dc -> 
  custom:container-muxer-webm: aa71ff27fc2769a1b78a27578f13a17b -> 
  custom:container-demuxer-webm: 4f35f7cbe854078d1ac9338744f61a02 -> 
  custom:container-demuxer-ogg: 62fdf1f143b41e24485cea50d1cbac27 -> 
  custom:video-encoder-webm-vp8: eb34c28f22e8b96e1ab97ce403110664 -> 
  custom:video-decoder-webm-vp8: 9c59270c3fd7afecdb556c50c9e8de78 -> 
  custom:audio-decoder-ogg-vorbis: bf7c407c2cedff20999df2af8eb42d56 -> 
  custom:audio-encoder-webm-vorbis: bf7c407c2cedff20999df2af8eb42d56 -> 
========================================================================
Received Import Request.
  Time since last request: 115.160271 seconds.
  path: Assets/GILES/Resources/Required/GUI/TypeInspector/Array Field.prefab
  artifactKey: Guid(364b10bc75f373940835f9f8a8c1b75e) Importer(815301076,1909f56bfc062723c751e8b465ee728b)
Start importing Assets/GILES/Resources/Required/GUI/TypeInspector/Array Field.prefab using Guid(364b10bc75f373940835f9f8a8c1b75e) Importer(815301076,1909f56bfc062723c751e8b465ee728b)  -> (artifact id: '9bbf9a43b8d9f077ce9f94bd8142d03d') in 0.030354 seconds 
========================================================================
Received Prepare
Registering precompiled user dll's ...
Registered in 0.001487 seconds.
Begin MonoManager ReloadAssembly
Native extension for WindowsStandalone target not found
Refreshing native plugins compatible for Editor in 0.33 ms, found 2 plugins.
Preloading 0 native plugins for Editor in 0.00 ms.
Mono: successfully reloaded assembly
- Completed reload, in  0.729 seconds
Domain Reload Profiling:
	ReloadAssembly (729ms)
		BeginReloadAssembly (84ms)
			ExecutionOrderSort (0ms)
			DisableScriptedObjects (3ms)
			BackupInstance (0ms)
			ReleaseScriptingObjects (0ms)
			CreateAndSetChildDomain (25ms)
		EndReloadAssembly (600ms)
			LoadAssemblies (66ms)
			RebuildTransferFunctionScriptingTraits (0ms)
			SetupTypeCache (222ms)
			ReleaseScriptCaches (1ms)
			RebuildScriptCaches (29ms)
			SetupLoadedEditorAssemblies (210ms)
				LogAssemblyErrors (0ms)
				InitializePlatformSupportModulesInManaged (3ms)
				SetLoadedEditorAssemblies (0ms)
				RefreshPlugins (0ms)
				BeforeProcessingInitializeOnLoad (53ms)
				ProcessInitializeOnLoadAttributes (143ms)
				ProcessInitializeOnLoadMethodAttributes (7ms)
				AfterProcessingInitializeOnLoad (2ms)
				EditorAssembliesLoaded (0ms)
			ExecutionOrderSort2 (0ms)
			AwakeInstancesAfterBackupRestoration (5ms)
Platform modules already initialized, skipping
Refreshing native plugins compatible for Editor in 0.35 ms, found 2 plugins.
Preloading 0 native plugins for Editor in 0.00 ms.
Unloading 1650 Unused Serialized files (Serialized files now loaded: 0)
System memory in use before: 77.5 MB.
System memory in use after: 77.6 MB.

Unloading 12 unused Assets to reduce memory usage. Loaded Objects now: 2135.
Total: 2.407300 ms (FindLiveObjects: 0.150000 ms CreateObjectMapping: 0.049000 ms MarkObjects: 2.188200 ms  DeleteObjects: 0.019000 ms)

AssetImportParameters requested are different than current active one (requested -> active):
  custom:framework-win-MediaFoundation: 216162199b28c13a410421893ffa2e32 -> 
  custom:video-decoder-ogg-theora: a1e56fd34408186e4bbccfd4996cb3dc -> 
  custom:container-muxer-webm: aa71ff27fc2769a1b78a27578f13a17b -> 
  custom:container-demuxer-webm: 4f35f7cbe854078d1ac9338744f61a02 -> 
  custom:container-demuxer-ogg: 62fdf1f143b41e24485cea50d1cbac27 -> 
  custom:video-encoder-webm-vp8: eb34c28f22e8b96e1ab97ce403110664 -> 
  custom:video-decoder-webm-vp8: 9c59270c3fd7afecdb556c50c9e8de78 -> 
  custom:audio-decoder-ogg-vorbis: bf7c407c2cedff20999df2af8eb42d56 -> 
  custom:audio-encoder-webm-vorbis: bf7c407c2cedff20999df2af8eb42d56 -> 
========================================================================
Received Import Request.
  Time since last request: 32.570285 seconds.
  path: Assets/Resources/Level Editor Prefabs/Column.prefab
  artifactKey: Guid(b95dc015db7edac47807c1d12f6bd85b) Importer(815301076,1909f56bfc062723c751e8b465ee728b)
Start importing Assets/Resources/Level Editor Prefabs/Column.prefab using Guid(b95dc015db7edac47807c1d12f6bd85b) Importer(815301076,1909f56bfc062723c751e8b465ee728b)  -> (artifact id: '250361221ce90f8eca1942165f865309') in 0.045086 seconds 
========================================================================
Received Import Request.
  Time since last request: 2.696535 seconds.
  path: Assets/Resources/Level Editor Prefabs/Cube.prefab
  artifactKey: Guid(228bd4214acdbe748a32a8a99dd04b22) Importer(815301076,1909f56bfc062723c751e8b465ee728b)
Start importing Assets/Resources/Level Editor Prefabs/Cube.prefab using Guid(228bd4214acdbe748a32a8a99dd04b22) Importer(815301076,1909f56bfc062723c751e8b465ee728b)  -> (artifact id: '89109695e429c24fb7f489e0c0b1003d') in 0.006028 seconds 
========================================================================
Received Import Request.
  Time since last request: 2.009006 seconds.
  path: Assets/Resources/Level Editor Prefabs/Flat.prefab
  artifactKey: Guid(128cd743f55843b468dc9ace091e7c9e) Importer(815301076,1909f56bfc062723c751e8b465ee728b)
Start importing Assets/Resources/Level Editor Prefabs/Flat.prefab using Guid(128cd743f55843b468dc9ace091e7c9e) Importer(815301076,1909f56bfc062723c751e8b465ee728b)  -> (artifact id: 'd563c0cc66ed971261adefaed56275e9') in 0.006032 seconds 
========================================================================
Received Import Request.
  Time since last request: 2.084736 seconds.
  path: Assets/Resources/Level Editor Prefabs/Hole.prefab
  artifactKey: Guid(cf06a5e1b70e427468f1ad6713ec12b2) Importer(815301076,1909f56bfc062723c751e8b465ee728b)
Start importing Assets/Resources/Level Editor Prefabs/Hole.prefab using Guid(cf06a5e1b70e427468f1ad6713ec12b2) Importer(815301076,1909f56bfc062723c751e8b465ee728b)  -> (artifact id: 'c756f925cf1f1abb841416ddde1e991b') in 0.005607 seconds 
========================================================================
Received Import Request.
  Time since last request: 1.364508 seconds.
  path: Assets/Resources/Level Editor Prefabs/L Shape.prefab
  artifactKey: Guid(480fde1eea8427c4e8ecc9b35f05b0e3) Importer(815301076,1909f56bfc062723c751e8b465ee728b)
Start importing Assets/Resources/Level Editor Prefabs/L Shape.prefab using Guid(480fde1eea8427c4e8ecc9b35f05b0e3) Importer(815301076,1909f56bfc062723c751e8b465ee728b)  -> (artifact id: '01168239e1b39986ab54f3b02240c069') in 0.005896 seconds 
========================================================================
Received Prepare
Registering precompiled user dll's ...
Registered in 0.001689 seconds.
Begin MonoManager ReloadAssembly
Native extension for WindowsStandalone target not found
Refreshing native plugins compatible for Editor in 0.58 ms, found 2 plugins.
Preloading 0 native plugins for Editor in 0.00 ms.
Mono: successfully reloaded assembly
- Completed reload, in  0.819 seconds
Domain Reload Profiling:
	ReloadAssembly (820ms)
		BeginReloadAssembly (93ms)
			ExecutionOrderSort (0ms)
			DisableScriptedObjects (3ms)
			BackupInstance (0ms)
			ReleaseScriptingObjects (0ms)
			CreateAndSetChildDomain (28ms)
		EndReloadAssembly (677ms)
			LoadAssemblies (75ms)
			RebuildTransferFunctionScriptingTraits (0ms)
			SetupTypeCache (249ms)
			ReleaseScriptCaches (1ms)
			RebuildScriptCaches (32ms)
			SetupLoadedEditorAssemblies (235ms)
				LogAssemblyErrors (0ms)
				InitializePlatformSupportModulesInManaged (4ms)
				SetLoadedEditorAssemblies (1ms)
				RefreshPlugins (1ms)
				BeforeProcessingInitializeOnLoad (60ms)
				ProcessInitializeOnLoadAttributes (158ms)
				ProcessInitializeOnLoadMethodAttributes (8ms)
				AfterProcessingInitializeOnLoad (3ms)
				EditorAssembliesLoaded (0ms)
			ExecutionOrderSort2 (0ms)
			AwakeInstancesAfterBackupRestoration (9ms)
Platform modules already initialized, skipping
Refreshing native plugins compatible for Editor in 0.34 ms, found 2 plugins.
Preloading 0 native plugins for Editor in 0.00 ms.
Unloading 1650 Unused Serialized files (Serialized files now loaded: 0)
System memory in use before: 77.5 MB.
System memory in use after: 77.6 MB.

Unloading 13 unused Assets to reduce memory usage. Loaded Objects now: 2138.
Total: 2.112000 ms (FindLiveObjects: 0.120300 ms CreateObjectMapping: 0.051000 ms MarkObjects: 1.921100 ms  DeleteObjects: 0.019000 ms)

AssetImportParameters requested are different than current active one (requested -> active):
  custom:framework-win-MediaFoundation: 216162199b28c13a410421893ffa2e32 -> 
  custom:video-decoder-ogg-theora: a1e56fd34408186e4bbccfd4996cb3dc -> 
  custom:container-muxer-webm: aa71ff27fc2769a1b78a27578f13a17b -> 
  custom:container-demuxer-webm: 4f35f7cbe854078d1ac9338744f61a02 -> 
  custom:container-demuxer-ogg: 62fdf1f143b41e24485cea50d1cbac27 -> 
  custom:video-encoder-webm-vp8: eb34c28f22e8b96e1ab97ce403110664 -> 
  custom:video-decoder-webm-vp8: 9c59270c3fd7afecdb556c50c9e8de78 -> 
  custom:audio-decoder-ogg-vorbis: bf7c407c2cedff20999df2af8eb42d56 -> 
  custom:audio-encoder-webm-vorbis: bf7c407c2cedff20999df2af8eb42d56 -> 
========================================================================
Received Import Request.
  Time since last request: 275.147863 seconds.
  path: Assets/Resources/Level Editor Prefabs/Camera.prefab
  artifactKey: Guid(abf9a3c3e0f6df64ea24a34b1adc2200) Importer(815301076,1909f56bfc062723c751e8b465ee728b)
Start importing Assets/Resources/Level Editor Prefabs/Camera.prefab using Guid(abf9a3c3e0f6df64ea24a34b1adc2200) Importer(815301076,1909f56bfc062723c751e8b465ee728b)  -> (artifact id: 'bba810a2b0dd14ad16143b1997f28528') in 0.023717 seconds 
